
                New day
            
Day 1:
Going..
Going..
Path: 2
Food: 11
Energy: 100
                                             
                         ,     ,
                         |\_,-/|
                         / _  _ |    ,--.
                        (  @  @ )   / ,-'
                         \  _T_/-._( (
                         /         `. \
                        |         _  \ |
                         \ \ ,  /      |
                          || |-_\__   /
                         ((_/`(____,-'             
         

                New day
            
Day 2:
Going..
Going..
Path: 4
Food: 17
Energy: 80
                                             
                         ,     ,
                         |\_,-/|
                         / _  _ |    ,--.
                        (  @  @ )   / ,-'
                         \  _T_/-._( (
                         /         `. \
                        |         _  \ |
                         \ \ ,  /      |
                          || |-_\__   /
                         ((_/`(____,-'             
         

                New day
            
Day 3:
Going..
Going..
Path: 6
Food: 23
Energy: 60
                                             
                         ,     ,
                         |\_,-/|
                         / _  _ |    ,--.
                        (  @  @ )   / ,-'
                         \  _T_/-._( (
                         /         `. \
                        |         _  \ |
                         \ \ ,  /      |
                          || |-_\__   /
                         ((_/`(____,-'             
         

                New day
            
Day 4:
Going..
Going..
Path: 8
Food: 29
Energy: 40
                                             
                         ,     ,
                         |\_,-/|
                         / _  _ |    ,--.
                        (  @  @ )   / ,-'
                         \  _T_/-._( (
                         /         `. \
                        |         _  \ |
                         \ \ ,  /      |
                          || |-_\__   /
                         ((_/`(____,-'             
         

                New day
            
Day 5:
Going..
Going..
Path: 10
Food: 41
Energy: 20
                                             
                         ,     ,
                         |\_,-/|
                         / _  _ |    ,--.
                        (  @  @ )   / ,-'
                         \  _T_/-._( (
                         /         `. \
                        |         _  \ |
                         \ \ ,  /      |
                          || |-_\__   /
                         ((_/`(____,-'             
         

                New day
            
Day 6:
Going..
Going..
Path: 12
Food: 48
Energy: 0
                                             
                         ,     ,
                         |\_,-/|
                         / _  _ |    ,--.
                        (  @  @ )   / ,-'
                         \  _T_/-._( (
                         /         `. \
                        |         _  \ |
                         \ \ ,  /      |
                          || |-_\__   /
                         ((_/`(____,-'             
         

                New day
            
Day 7:
Going..
Cat has died due to lack of energy.
